[debug] [2019-09-08T02:11:20.771Z] ----------------------------------------------------------------------
[debug] [2019-09-08T02:11:20.774Z] Command:       /usr/local/bin/node /usr/local/bin/firebase deploy
[debug] [2019-09-08T02:11:20.774Z] CLI Version:   7.2.1
[debug] [2019-09-08T02:11:20.774Z] Platform:      darwin
[debug] [2019-09-08T02:11:20.774Z] Node Version:  v10.16.0
[debug] [2019-09-08T02:11:20.775Z] Time:          Sun Sep 08 2019 03:11:20 GMT+0100 (British Summer Time)
[debug] [2019-09-08T02:11:20.775Z] ----------------------------------------------------------------------
[debug] 
[debug] [2019-09-08T02:11:20.789Z] > command requires scopes: ["email","openid","https://www.googleapis.com/auth/cloudplatformprojects.readonly","https://www.googleapis.com/auth/firebase","https://www.googleapis.com/auth/cloud-platform"]
[debug] [2019-09-08T02:11:20.789Z] > authorizing via signed-in user
[debug] [2019-09-08T02:11:20.789Z] [iam] checking project prayersupport-5107b for permissions ["cloudfunctions.functions.create","cloudfunctions.functions.delete","cloudfunctions.functions.get","cloudfunctions.functions.list","cloudfunctions.functions.update","cloudfunctions.operations.get","firebase.projects.get","firebasedatabase.instances.update","firebasehosting.sites.update"]
[debug] [2019-09-08T02:11:20.792Z] > refreshing access token with scopes: ["email","https://www.googleapis.com/auth/cloud-platform","https://www.googleapis.com/auth/cloudplatformprojects.readonly","https://www.googleapis.com/auth/firebase","openid"]
[debug] [2019-09-08T02:11:20.792Z] >>> HTTP REQUEST POST https://www.googleapis.com/oauth2/v3/token  
 <request body omitted>
[debug] [2019-09-08T02:11:21.063Z] <<< HTTP RESPONSE 200
[debug] [2019-09-08T02:11:21.076Z] >>> HTTP REQUEST POST https://cloudresourcemanager.googleapis.com/v1/projects/prayersupport-5107b:testIamPermissions  

[debug] [2019-09-08T02:11:22.489Z] <<< HTTP RESPONSE 200
[debug] [2019-09-08T02:11:22.493Z] >>> HTTP REQUEST GET https://firebase.googleapis.com/v1beta1/projects/prayersupport-5107b  
 
[debug] [2019-09-08T02:11:23.860Z] <<< HTTP RESPONSE 200
[info] 
[info] === Deploying to 'prayersupport-5107b'...
[info] 
[info] i  deploying database, functions, hosting
[info] Running command: npm --prefix "$RESOURCE_DIR" run lint
